
 -----------------------------------------------
      Restrained ESP Fit 2.3  Amber 4.1
 -----------------------------------------------
 Resp charges fitting for mmp2_full_r_06_final_4ESP.log with zero charge on last 
 -----------------------------------------------


 inopt       =     0   ioutopt     =     1
 nmol        =     1   iqopt       =     0
 ihfree      =     1   irstrnt     =     1
 iunits      =     0   qwt         =   0.00050000
 wtmol(1) =     1.000000
 subtitle:

Resp charges fitting setup                                                      
ich =   1  iuniq =  51
    1    6    0
    2    7    0
    3    1    0
    4    6    0
    5    1    0
    6    7    0
    7    6    0
    8    1    0
    9    6    0
   10    1    0
   11    1    0
   12    6    0
   13    8    0
   14    8    0
   15    6    0
   16    7    0
   17    1    0
   18    6    0
   19    1    0
   20    7    0
   21    6    0
   22    1    0
   23    6    0
   24    7    0
   25    1    0
   26    6    0
   27    1    0
   28    7    0
   29    6    0
   30    1    0
   31   30    0
   32    6    0
   33    1    0
   34    1    0
   35   16    0
   36    6    0
   37    1    0
   38    6    0
   39    1    0
   40    1    0
   41   16    0
   42    8    0
   43    8    0
   44    8    0
   45    1    0
   46    1    0
   47    1    0
   48    1    0
   49    1    0
   50    1    0
   51    1    0
    1   47
    1   48
    1   49
    1   50
    1   51

  ----------------------------------------------------------------------------
     ATOM                       COORDINATES                         CHARGE
                       X             Y                Z
  ----------------------------------------------------------------------------
  ----------------------------------------------------------------------------


 Charge on the molecule(ich) =    1
 Total number of atoms (iuniq)     =   51
 Weight factor on initial charge restraints(qwt)=     0.50000E-03


  there are  6 charge constraints:


     1       0  0  0  0  0  1
     2       0  0  0  0  0  1
     3       0  0  0  0  0  1
     4       0  0  0  0  0  1
     5       0  0  0  0  0  1
     6       0  0  0  0  0  1
     7       0  0  0  0  0  1
     8       0  0  0  0  0  1
     9       0  0  0  0  0  1
    10       0  0  0  0  0  1
    11       0  0  0  0  0  1
    12       0  0  0  0  0  1
    13       0  0  0  0  0  1
    14       0  0  0  0  0  1
    15       0  0  0  0  0  1
    16       0  0  0  0  0  1
    17       0  0  0  0  0  1
    18       0  0  0  0  0  1
    19       0  0  0  0  0  1
    20       0  0  0  0  0  1
    21       0  0  0  0  0  1
    22       0  0  0  0  0  1
    23       0  0  0  0  0  1
    24       0  0  0  0  0  1
    25       0  0  0  0  0  1
    26       0  0  0  0  0  1
    27       0  0  0  0  0  1
    28       0  0  0  0  0  1
    29       0  0  0  0  0  1
    30       0  0  0  0  0  1
    31       0  0  0  0  0  1
    32       0  0  0  0  0  1
    33       0  0  0  0  0  1
    34       0  0  0  0  0  1
    35       0  0  0  0  0  1
    36       0  0  0  0  0  1
    37       0  0  0  0  0  1
    38       0  0  0  0  0  1
    39       0  0  0  0  0  1
    40       0  0  0  0  0  1
    41       0  0  0  0  0  1
    42       0  0  0  0  0  1
    43       0  0  0  0  0  1
    44       0  0  0  0  0  1
    45       0  0  0  0  0  1
    46       0  0  0  0  0  1
    47       1  0  0  0  0  1
    48       0  1  0  0  0  1
    49       0  0  1  0  0  1
    50       0  0  0  1  0  1
    51       0  0  0  0  1  1

 Reading esp"s for molecule   1
 total number of atoms      =    51
 total number of esp points =  2136


 center     X       Y       Z 
    1  -0.1513793E+01   0.4663774E+01   0.5813220E+01
    2   0.3725198E+00   0.3644733E+01   0.7353682E+01
    3   0.7466402E+00   0.4069852E+01   0.9153976E+01
    4   0.1745260E+01   0.1894460E+01   0.5980747E+01
    5   0.3346729E+01   0.7808745E+00   0.6681752E+01
    6   0.6799007E+00   0.1754835E+01   0.3621121E+01
    7  -0.1316602E+01   0.3470807E+01   0.3477804E+01
    8  -0.2653982E+01   0.3649938E+01   0.1789763E+01
    9  -0.7669307E+01   0.6882112E+01  -0.1600594E+01
   10  -0.8357608E+01   0.7050205E+01   0.3502059E+00
   11  -0.9337189E+01   0.6619419E+01  -0.2802324E+01
   12  -0.5903489E+01   0.4637890E+01  -0.1867779E+01
   13  -0.5421616E+01   0.3246967E+01   0.5772357E-01
   14  -0.4836279E+01   0.4093349E+01  -0.3917927E+01
   15   0.4328623E+01   0.6558381E+01  -0.3578670E+01
   16   0.6350067E+01   0.4911562E+01  -0.3989554E+01
   17   0.7819561E+01   0.5040258E+01  -0.5160700E+01
   18   0.5968552E+01   0.2732574E+01  -0.2602444E+01
   19   0.7205504E+01   0.1074751E+01  -0.2576424E+01
   20   0.3760498E+01   0.3024140E+01  -0.1287109E+01
   21   0.2718891E+01   0.5369802E+01  -0.1877600E+01
   22   0.9100826E+00   0.6021782E+01  -0.1104524E+01
   23   0.8939379E+01  -0.3363865E+01   0.2615458E+01
   24   0.8062590E+01  -0.5175686E+01   0.8989313E+00
   25   0.8974303E+01  -0.6645786E+01   0.1553071E+00
   26   0.5635747E+01  -0.4538379E+01   0.1448021E+00
   27   0.4464461E+01  -0.5570831E+01  -0.1242295E+01
   28   0.4945334E+01  -0.2419547E+01   0.1454261E+01
   29   0.6968531E+01  -0.1667458E+01   0.2960955E+01
   30   0.6848717E+01   0.1003444E-01   0.4159170E+01
   31   0.2241330E+01   0.8852232E-01   0.5562484E+00
   32  -0.2827521E+01  -0.9106760E+00  -0.4255410E+01
   33  -0.3419939E+01   0.1155993E+01  -0.3976267E+01
   34  -0.2658527E+01  -0.1291265E+01  -0.6284138E+01
   35  -0.3691636E+00  -0.2383600E+01  -0.2263058E+01
   36  -0.4003817E+01  -0.2861111E+01  -0.2615662E+01
   37  -0.4233204E+01  -0.4795805E+01  -0.3400944E+01
   38  -0.6004833E+01  -0.2105599E+01  -0.8272294E+00
   39  -0.5650026E+01  -0.5607762E-01  -0.1309183E+00
   40  -0.7669292E+01  -0.1710143E+01  -0.2066786E+01
   41  -0.6978705E+01  -0.4429932E+01   0.1504929E+01
   42  -0.4800189E+01  -0.6020637E+01   0.2246973E+01
   43  -0.9175189E+01  -0.5767663E+01   0.4386356E+00
   44   0.3824340E+01  -0.5664614E+01  -0.6375329E+01
   45   0.2628178E+01  -0.4679152E+01  -0.5430447E+01
   46   0.5454271E+01  -0.4985834E+01  -0.5864695E+01
   47  -0.2881258E+01   0.6109803E+01   0.6404126E+01
   48  -0.6818407E+01   0.8733968E+01  -0.2143887E+01
   49   0.4082320E+01   0.8359037E+01  -0.4556248E+01
   50   0.1081999E+02  -0.3313680E+01   0.3486422E+01
   51  -0.7613944E+01  -0.3122241E+01   0.3436969E+01
 Initial ssvpot =    18.885


 Number of unique UNfrozen centers=   51

 Non-linear optimization requested.
 qchnge =    0.6852940385E-01
 qchnge =    0.3784188626E-02
 qchnge =    0.8607694235E-03
 qchnge =    0.2277639152E-03
 qchnge =    0.6283022363E-04
 qchnge =    0.1749037447E-04
 qchnge =    0.4877456446E-05

 Convergence in    6 iterations


Resp charges fitting setup                                                      

          Point Charges Before & After Optimization

    no.  At.no.    q(init)       q(opt)     ivary    d(rstr)/dq
    1   6       0.000000       0.536331      0       0.000916
    2   7       0.000000      -0.581191      0       0.000848
    3   1       0.000000       0.447401      0       0.000000
    4   6       0.000000       0.011234      0       0.004969
    5   1       0.000000       0.246270      0       0.000000
    6   7       0.000000       0.020309      0       0.004900
    7   6       0.000000      -0.742044      0       0.000668
    8   1       0.000000       0.488682      0       0.000000
    9   6       0.000000      -0.004958      0       0.004994
   10   1       0.000000       0.014470      0       0.000000
   11   1       0.000000       0.028681      0       0.000000
   12   6       0.000000       0.763294      0       0.000650
   13   8       0.000000      -0.902114      0       0.000551
   14   8       0.000000      -0.792329      0       0.000626
   15   6       0.000000       0.594623      0       0.000829
   16   7       0.000000      -0.724348      0       0.000684
   17   1       0.000000       0.506225      0       0.000000
   18   6       0.000000       0.129609      0       0.003054
   19   1       0.000000       0.174016      0       0.000000
   20   7       0.000000       0.001224      0       0.005000
   21   6       0.000000      -0.604498      0       0.000816
   22   1       0.000000       0.328291      0       0.000000
   23   6       0.000000       0.627675      0       0.000787
   24   7       0.000000      -0.754995      0       0.000656
   25   1       0.000000       0.492897      0       0.000000
   26   6       0.000000       0.358836      0       0.001342
   27   1       0.000000       0.132775      0       0.000000
   28   7       0.000000      -0.151578      0       0.002753
   29   6       0.000000      -0.646392      0       0.000764
   30   1       0.000000       0.291544      0       0.000000
   31  30       0.000000       0.429922      0       0.001133
   32   6       0.000000      -0.023872      0       0.004863
   33   1       0.000000       0.268593      0       0.000000
   34   1       0.000000       0.096902      0       0.000000
   35  16       0.000000      -0.283048      0       0.001666
   36   6       0.000000       0.096459      0       0.003597
   37   1       0.000000       0.164431      0       0.000000
   38   6       0.000000      -0.522630      0       0.000939
   39   1       0.000000       0.325696      0       0.000000
   40   1       0.000000       0.190850      0       0.000000
   41  16       0.000000       1.325617      0       0.000376
   42   8       0.000000      -0.668203      0       0.000740
   43   8       0.000000      -0.647399      0       0.000763
   44   8       0.000000      -0.724312      0       0.000684
   45   1       0.000000       0.314251      0       0.000000
   46   1       0.000000       0.366800      0       0.000000
   47   1       0.000000       0.000000      0       0.000000
   48   1       0.000000       0.000000      0       0.000000
   49   1       0.000000       0.000000      0       0.000000
   50   1       0.000000       0.000000      0       0.000000
   51   1       0.000000       0.000000      0       0.000000

 Sum over the calculated charges:      1.000

        Statistics of the fitting:
  The initial sum of squares (ssvpot)                     18.885
  The residual sum of squares (chipot)                     0.021
  The std err of estimate (sqrt(chipot/N))               0.00317
  ESP relative RMS (SQRT(chipot/ssvpot))                 0.03372

 Center of Mass (Angst.):

 X  =   0.00000      Y  =   0.00000      Z  =   0.00000

 Dipole (Debye):

 X  =  21.09349      Y  =   5.98650      Z  =   5.53022

 Dipole Moment (Debye)=  22.61320

 Quadrupole (Debye*Angst.):

 Qxx =  90.76621     QYY = -85.56766     QZZ =  -5.19855
 Qxy =-204.11994     QXZ =-163.57761     QYZ =-123.83449
